<?xml version="1.0" encoding="UTF-8"?>
<testng-results ignored="0" total="1" passed="1" failed="0" skipped="0">
  <reporter-output>
  </reporter-output>
  <suite started-at="2024-10-25T23:55:41 IST" name="Default suite" finished-at="2024-10-25T23:55:45 IST" duration-ms="4220">
    <groups>
    </groups>
    <test started-at="2024-10-25T23:55:41 IST" name="Default test" finished-at="2024-10-25T23:55:45 IST" duration-ms="4220">
      <class name="Testcases.TC_001_LoginPage">
        <test-method is-config="true" signature="setup()[pri:0, instance:Testcases.TC_001_LoginPage@267f474e]" started-at="2024-10-25T23:55:41 IST" name="setup" finished-at="2024-10-25T23:55:45 IST" duration-ms="3791" status="PASS">
          <reporter-output>
          </reporter-output>
        </test-method> <!-- setup -->
        <test-method signature="verify_Login_Functionality()[pri:0, instance:Testcases.TC_001_LoginPage@267f474e]" started-at="2024-10-25T23:55:45 IST" name="verify_Login_Functionality" finished-at="2024-10-25T23:55:45 IST" duration-ms="350" status="PASS">
          <reporter-output>
          </reporter-output>
        </test-method> <!-- verify_Login_Functionality -->
      </class> <!-- Testcases.TC_001_LoginPage -->
    </test> <!-- Default test -->
  </suite> <!-- Default suite -->
</testng-results>
