<?xml version="1.0" encoding="UTF-8"?>
<testng-results ignored="0" total="2" passed="2" failed="0" skipped="0">
  <reporter-output>
  </reporter-output>
  <suite started-at="2024-11-15T23:34:48 IST" name="Suite" finished-at="2024-11-15T23:35:05 IST" duration-ms="17645">
    <groups>
    </groups>
    <test started-at="2024-11-15T23:34:48 IST" name="Testonchrome" finished-at="2024-11-15T23:35:04 IST" duration-ms="16041">
      <class name="Testcases.TC_003_Crossbrowser">
        <test-method is-config="true" signature="launchbrowser(java.lang.String)[pri:0, instance:Testcases.TC_003_Crossbrowser@5f2606b]" started-at="2024-11-15T23:34:48 IST" name="launchbrowser" finished-at="2024-11-15T23:34:50 IST" duration-ms="2801" status="PASS">
          <params>
            <param index="0">
              <value>
                <![CDATA[chrome]]>
              </value>
            </param>
          </params>
          <reporter-output>
          </reporter-output>
        </test-method> <!-- launchbrowser -->
        <test-method signature="verifyLogin()[pri:0, instance:Testcases.TC_003_Crossbrowser@5f2606b]" started-at="2024-11-15T23:34:50 IST" name="verifyLogin" finished-at="2024-11-15T23:35:04 IST" duration-ms="13155" status="PASS">
          <reporter-output>
          </reporter-output>
        </test-method> <!-- verifyLogin -->
      </class> <!-- Testcases.TC_003_Crossbrowser -->
    </test> <!-- Testonchrome -->
    <test started-at="2024-11-15T23:34:48 IST" name="Testonmsedge" finished-at="2024-11-15T23:35:05 IST" duration-ms="17645">
      <class name="Testcases.TC_003_Crossbrowser">
        <test-method is-config="true" signature="launchbrowser(java.lang.String)[pri:0, instance:Testcases.TC_003_Crossbrowser@1bdf8190]" started-at="2024-11-15T23:34:48 IST" name="launchbrowser" finished-at="2024-11-15T23:34:52 IST" duration-ms="4781" status="PASS">
          <params>
            <param index="0">
              <value>
                <![CDATA[msedge]]>
              </value>
            </param>
          </params>
          <reporter-output>
          </reporter-output>
        </test-method> <!-- launchbrowser -->
        <test-method signature="verifyLogin()[pri:0, instance:Testcases.TC_003_Crossbrowser@1bdf8190]" started-at="2024-11-15T23:34:52 IST" name="verifyLogin" finished-at="2024-11-15T23:35:05 IST" duration-ms="12781" status="PASS">
          <reporter-output>
          </reporter-output>
        </test-method> <!-- verifyLogin -->
      </class> <!-- Testcases.TC_003_Crossbrowser -->
    </test> <!-- Testonmsedge -->
  </suite> <!-- Suite -->
</testng-results>
